<?xml version="1.0" encoding="UTF-8"?>
<!-- Generated by org.testng.reporters.JUnitXMLReporter -->
<testsuite hostname="pk-PC" ignored="0" name="Default test" tests="4" failures="0" timestamp="15 May 2018 05:01:10 GMT" time="0.026" errors="0">
  <testcase name="testCase1" time="0.005" classname="samplepackage1.TestCase1"/>
  <testcase name="testCase2" time="0.001" classname="samplepackage1.TestCase1"/>
  <testcase name="testMethod1" time="0.001" classname="samplepackage1.TestCase1"/>
  <testcase name="testMethod2" time="0.001" classname="samplepackage1.TestCase1"/>
</testsuite> <!-- Default test -->
